Exception sending a multicast message:No route to host
Exception sending a multicast message:No route to host
(2025-10-04 21:46:33.081) [debug] [gz.cc:238] Subscribing to [/gazebo/starting_world].
Exception sending a multicast message:No route to host
(2025-10-04 21:46:33.081) [debug] [gz.cc:240] Waiting for a world to be set from the GUI...
(2025-10-04 21:46:33.332) [info] [Gui.cc:332] Gazebo Sim GUI    v10.0.0
(2025-10-04 21:46:33.337) [debug] [Gui.cc:335] Qt Prefix:/opt/homebrew
(2025-10-04 21:46:33.337) [debug] [Gui.cc:337] Qt libs:/opt/homebrew/lib
(2025-10-04 21:46:33.337) [debug] [Gui.cc:340] Qt data:/opt/homebrew/share/qt arch:/opt/homebrew/share/qt
(2025-10-04 21:46:33.337) [debug] [Gui.cc:343] Qt plugins:/opt/homebrew/share/qt/plugins
(2025-10-04 21:46:33.337) [debug] [Gui.cc:345] Qt imports:/opt/homebrew/share/qt/qml
Exception sending a multicast message:No route to host
Exception sending a multicast message:No route to host
Exception sending a multicast message:No route to host
(2025-10-04 21:46:33.341) [debug] [Gui.cc:406] Waiting for subscribers to [/gazebo/starting_world]...
Exception sending a multicast message:No route to host
Exception sending a multicast message:No route to host
Exception sending a multicast message:No route to host
Exception sending a multicast message:No route to host
Exception sending a multicast message:No route to host
Exception sending a multicast message:No route to host
Exception sending a multicast message:No route to host
Exception sending a multicast message:No route to host
Exception sending a multicast message:No route to host
Exception sending a multicast message:No route to host
Exception sending a multicast message:No route to host
Exception sending a multicast message:No route to host
Exception sending a multicast message:No route to host
Exception sending a multicast message:No route to host
Exception sending a multicast message:No route to host
Exception sending a multicast message:No route to host
Exception sending a multicast message:No route to host
Exception sending a multicast message:No route to host
Exception sending a multicast message:No route to host
Exception sending a multicast message:No route to host
Exception sending a multicast message:No route to host
Exception sending a multicast message:No route to host
Exception sending a multicast message:No route to host
Exception sending a multicast message:No route to host
Exception sending a multicast message:No route to host
Exception sending a multicast message:No route to host
Exception sending a multicast message:No route to host
Exception sending a multicast message:No route to host
Exception sending a multicast message:No route to host
Exception sending a multicast message:No route to host
Exception sending a multicast message:No route to host
Exception sending a multicast message:No route to host
Exception sending a multicast message:No route to host
Exception sending a multicast message:No route to host
Exception sending a multicast message:No route to host
Exception sending a multicast message:No route to host
Exception sending a multicast message:No route to host
Exception sending a multicast message:No route to host
Exception sending a multicast message:No route to host
Exception sending a multicast message:No route to host
